<?xml version="1.0" encoding="UTF-8"?>
<!-- Generated by org.testng.reporters.JUnitXMLReporter -->
<testsuite ignored="0" hostname="Abhijith" failures="1" tests="1" name="Test" time="8.664" errors="0" timestamp="2024-07-25T12:44:01 IST">
  <testcase classname="list.TestScript" name="clickOnBooks" time="1.265">
    <failure type="java.lang.AssertionError" message="Books page is not displayed expected [Demo Web Shop. Book] but found [Demo Web Shop. Books]">
      <![CDATA[java.lang.AssertionError: Books page is not displayed expected [Demo Web Shop. Book] but found [Demo Web Shop. Books]
at list.TestScript.clickOnBooks(TestScript.java:14)
at java.base/java.util.ArrayList.forEach(ArrayList.java:1511)
... Removed 30 stack frames]]>
    </failure>
  </testcase> <!-- clickOnBooks -->
</testsuite> <!-- Test -->
