<?xml version="1.0" encoding="UTF-8"?>
<!-- Generated by org.testng.reporters.JUnitXMLReporter -->
<testsuite ignored="0" hostname="Abhijith" failures="1" tests="1" name="Test(failed)" time="1.645" errors="0" timestamp="2024-07-20T11:47:19 IST">
  <testcase classname="cars.Lamborghini" name="launchLamborghini" time="1.61">
    <failure type="java.lang.AssertionError" message="null">
      <![CDATA[java.lang.AssertionError: null
at cars.Lamborghini.launchLamborghini(Lamborghini.java:13)
at java.base/java.util.ArrayList.forEach(ArrayList.java:1511)
... Removed 27 stack frames]]>
    </failure>
  </testcase> <!-- launchLamborghini -->
</testsuite> <!-- Test(failed) -->
